2026年4月18日
---------------------------------------------------------------------
System.Net.Http.HttpRequestException: 发送请求时出错。 ---> System.Net.WebException: 基础连接已经关闭: 发送时发生错误。 ---> System.IO.IOException: 无法从传输连接中读取数据: 远程主机强迫关闭了一个现有的连接。。 ---> System.Net.Sockets.SocketException: 远程主机强迫关闭了一个现有的连接。
   在 System.Net.Sockets.Socket.EndReceive(IAsyncResult asyncResult)
   在 System.Net.Sockets.NetworkStream.EndRead(IAsyncResult asyncResult)
   --- 内部异常堆栈跟踪的结尾 ---
   在 System.Net.TlsStream.EndWrite(IAsyncResult asyncResult)
   在 System.Net.ConnectStream.WriteHeadersCallback(IAsyncResult ar)
   --- 内部异常堆栈跟踪的结尾 ---
   在 System.Net.HttpWebRequest.EndGetResponse(IAsyncResult asyncResult)
   在 System.Net.Http.HttpClientHandler.GetResponseCallback(IAsyncResult ar)
   --- 内部异常堆栈跟踪的结尾 ---
   在 System.Runtime.ExceptionServices.ExceptionDispatchInfo.Throw()
   在 System.Runtime.CompilerServices.TaskAwaiter.HandleNonSuccessAndDebuggerNotification(Task task)
   在 ESOTradeDesktop.Web.HTTPService.<GetAsync>d__5`1.MoveNext()
--- 引发异常的上一位置中堆栈跟踪的末尾 ---
   在 System.Runtime.ExceptionServices.ExceptionDispatchInfo.Throw()
   在 System.Runtime.CompilerServices.TaskAwaiter.HandleNonSuccessAndDebuggerNotification(Task task)
   在 ESOTradeDesktop.TTCAPI.<GetTradeClientVersionAsync>d__3.MoveNext()
--- 引发异常的上一位置中堆栈跟踪的末尾 ---
   在 System.Runtime.ExceptionServices.ExceptionDispatchInfo.Throw()
   在 ESOTradeDesktop.TTCCmd.<CheckForUpdateAsync>d__38.MoveNext()
2026年4月18日
---------------------------------------------------------------------
System.Net.Http.HttpRequestException: 发送请求时出错。 ---> System.Net.WebException: 基础连接已经关闭: 发送时发生错误。 ---> System.IO.IOException: 无法从传输连接中读取数据: 远程主机强迫关闭了一个现有的连接。。 ---> System.Net.Sockets.SocketException: 远程主机强迫关闭了一个现有的连接。
   在 System.Net.Sockets.Socket.EndReceive(IAsyncResult asyncResult)
   在 System.Net.Sockets.NetworkStream.EndRead(IAsyncResult asyncResult)
   --- 内部异常堆栈跟踪的结尾 ---
   在 System.Net.TlsStream.EndWrite(IAsyncResult asyncResult)
   在 System.Net.ConnectStream.WriteHeadersCallback(IAsyncResult ar)
   --- 内部异常堆栈跟踪的结尾 ---
   在 System.Net.HttpWebRequest.EndGetResponse(IAsyncResult asyncResult)
   在 System.Net.Http.HttpClientHandler.GetResponseCallback(IAsyncResult ar)
   --- 内部异常堆栈跟踪的结尾 ---
   在 System.Runtime.ExceptionServices.ExceptionDispatchInfo.Throw()
   在 System.Runtime.CompilerServices.TaskAwaiter.HandleNonSuccessAndDebuggerNotification(Task task)
   在 ESOTradeDesktop.Web.HTTPService.<GetAsync>d__5`1.MoveNext()
--- 引发异常的上一位置中堆栈跟踪的末尾 ---
   在 System.Runtime.ExceptionServices.ExceptionDispatchInfo.Throw()
   在 System.Runtime.CompilerServices.TaskAwaiter.HandleNonSuccessAndDebuggerNotification(Task task)
   在 ESOTradeDesktop.TTCAPI.<GetTradeClientVersionAsync>d__3.MoveNext()
--- 引发异常的上一位置中堆栈跟踪的末尾 ---
   在 System.Runtime.ExceptionServices.ExceptionDispatchInfo.Throw()
   在 ESOTradeDesktop.TTCCmd.<CheckForUpdateAsync>d__38.MoveNext()
2026年4月18日
---------------------------------------------------------------------
System.Net.Http.HttpRequestException: 发送请求时出错。 ---> System.Net.WebException: 基础连接已经关闭: 发送时发生错误。 ---> System.IO.IOException: 无法从传输连接中读取数据: 远程主机强迫关闭了一个现有的连接。。 ---> System.Net.Sockets.SocketException: 远程主机强迫关闭了一个现有的连接。
   在 System.Net.Sockets.Socket.EndReceive(IAsyncResult asyncResult)
   在 System.Net.Sockets.NetworkStream.EndRead(IAsyncResult asyncResult)
   --- 内部异常堆栈跟踪的结尾 ---
   在 System.Net.TlsStream.EndWrite(IAsyncResult asyncResult)
   在 System.Net.ConnectStream.WriteHeadersCallback(IAsyncResult ar)
   --- 内部异常堆栈跟踪的结尾 ---
   在 System.Net.HttpWebRequest.EndGetResponse(IAsyncResult asyncResult)
   在 System.Net.Http.HttpClientHandler.GetResponseCallback(IAsyncResult ar)
   --- 内部异常堆栈跟踪的结尾 ---
   在 System.Runtime.ExceptionServices.ExceptionDispatchInfo.Throw()
   在 System.Runtime.CompilerServices.TaskAwaiter.HandleNonSuccessAndDebuggerNotification(Task task)
   在 ESOTradeDesktop.Web.HTTPService.<GetAsync>d__5`1.MoveNext()
--- 引发异常的上一位置中堆栈跟踪的末尾 ---
   在 System.Runtime.ExceptionServices.ExceptionDispatchInfo.Throw()
   在 System.Runtime.CompilerServices.TaskAwaiter.HandleNonSuccessAndDebuggerNotification(Task task)
   在 ESOTradeDesktop.TTCAPI.<GetTradeClientVersionAsync>d__3.MoveNext()
--- 引发异常的上一位置中堆栈跟踪的末尾 ---
   在 System.Runtime.ExceptionServices.ExceptionDispatchInfo.Throw()
   在 ESOTradeDesktop.TTCCmd.<CheckForUpdateAsync>d__38.MoveNext()
2026年4月18日
---------------------------------------------------------------------
System.Net.Http.HttpRequestException: 发送请求时出错。 ---> System.Net.WebException: 基础连接已经关闭: 发送时发生错误。 ---> System.IO.IOException: 无法从传输连接中读取数据: 远程主机强迫关闭了一个现有的连接。。 ---> System.Net.Sockets.SocketException: 远程主机强迫关闭了一个现有的连接。
   在 System.Net.Sockets.Socket.EndReceive(IAsyncResult asyncResult)
   在 System.Net.Sockets.NetworkStream.EndRead(IAsyncResult asyncResult)
   --- 内部异常堆栈跟踪的结尾 ---
   在 System.Net.TlsStream.EndWrite(IAsyncResult asyncResult)
   在 System.Net.ConnectStream.WriteHeadersCallback(IAsyncResult ar)
   --- 内部异常堆栈跟踪的结尾 ---
   在 System.Net.HttpWebRequest.EndGetResponse(IAsyncResult asyncResult)
   在 System.Net.Http.HttpClientHandler.GetResponseCallback(IAsyncResult ar)
   --- 内部异常堆栈跟踪的结尾 ---
   在 System.Runtime.ExceptionServices.ExceptionDispatchInfo.Throw()
   在 System.Runtime.CompilerServices.TaskAwaiter.HandleNonSuccessAndDebuggerNotification(Task task)
   在 ESOTradeDesktop.Web.HTTPService.<GetAsync>d__5`1.MoveNext()
--- 引发异常的上一位置中堆栈跟踪的末尾 ---
   在 System.Runtime.ExceptionServices.ExceptionDispatchInfo.Throw()
   在 System.Runtime.CompilerServices.TaskAwaiter.HandleNonSuccessAndDebuggerNotification(Task task)
   在 ESOTradeDesktop.TTCAPI.<GetTradeClientVersionAsync>d__3.MoveNext()
--- 引发异常的上一位置中堆栈跟踪的末尾 ---
   在 System.Runtime.ExceptionServices.ExceptionDispatchInfo.Throw()
   在 ESOTradeDesktop.TTCCmd.<CheckForUpdateAsync>d__38.MoveNext()
2026年4月18日
---------------------------------------------------------------------
System.Net.Http.HttpRequestException: 发送请求时出错。 ---> System.Net.WebException: 基础连接已经关闭: 发送时发生错误。 ---> System.IO.IOException: 无法从传输连接中读取数据: 远程主机强迫关闭了一个现有的连接。。 ---> System.Net.Sockets.SocketException: 远程主机强迫关闭了一个现有的连接。
   在 System.Net.Sockets.Socket.EndReceive(IAsyncResult asyncResult)
   在 System.Net.Sockets.NetworkStream.EndRead(IAsyncResult asyncResult)
   --- 内部异常堆栈跟踪的结尾 ---
   在 System.Net.TlsStream.EndWrite(IAsyncResult asyncResult)
   在 System.Net.ConnectStream.WriteHeadersCallback(IAsyncResult ar)
   --- 内部异常堆栈跟踪的结尾 ---
   在 System.Net.HttpWebRequest.EndGetResponse(IAsyncResult asyncResult)
   在 System.Net.Http.HttpClientHandler.GetResponseCallback(IAsyncResult ar)
   --- 内部异常堆栈跟踪的结尾 ---
   在 System.Runtime.ExceptionServices.ExceptionDispatchInfo.Throw()
   在 System.Runtime.CompilerServices.TaskAwaiter.HandleNonSuccessAndDebuggerNotification(Task task)
   在 ESOTradeDesktop.Web.HTTPService.<GetAsync>d__5`1.MoveNext()
--- 引发异常的上一位置中堆栈跟踪的末尾 ---
   在 System.Runtime.ExceptionServices.ExceptionDispatchInfo.Throw()
   在 System.Runtime.CompilerServices.TaskAwaiter.HandleNonSuccessAndDebuggerNotification(Task task)
   在 ESOTradeDesktop.TTCAPI.<GetTradeClientVersionAsync>d__3.MoveNext()
--- 引发异常的上一位置中堆栈跟踪的末尾 ---
   在 System.Runtime.ExceptionServices.ExceptionDispatchInfo.Throw()
   在 ESOTradeDesktop.TTCCmd.<CheckForUpdateAsync>d__38.MoveNext()
2026年4月18日
---------------------------------------------------------------------
System.Net.Http.HttpRequestException: 发送请求时出错。 ---> System.Net.WebException: 基础连接已经关闭: 发送时发生错误。 ---> System.IO.IOException: 无法从传输连接中读取数据: 远程主机强迫关闭了一个现有的连接。。 ---> System.Net.Sockets.SocketException: 远程主机强迫关闭了一个现有的连接。
   在 System.Net.Sockets.Socket.EndReceive(IAsyncResult asyncResult)
   在 System.Net.Sockets.NetworkStream.EndRead(IAsyncResult asyncResult)
   --- 内部异常堆栈跟踪的结尾 ---
   在 System.Net.TlsStream.EndWrite(IAsyncResult asyncResult)
   在 System.Net.ConnectStream.WriteHeadersCallback(IAsyncResult ar)
   --- 内部异常堆栈跟踪的结尾 ---
   在 System.Net.HttpWebRequest.EndGetResponse(IAsyncResult asyncResult)
   在 System.Net.Http.HttpClientHandler.GetResponseCallback(IAsyncResult ar)
   --- 内部异常堆栈跟踪的结尾 ---
   在 System.Runtime.ExceptionServices.ExceptionDispatchInfo.Throw()
   在 System.Runtime.CompilerServices.TaskAwaiter.HandleNonSuccessAndDebuggerNotification(Task task)
   在 ESOTradeDesktop.Web.HTTPService.<GetAsync>d__5`1.MoveNext()
--- 引发异常的上一位置中堆栈跟踪的末尾 ---
   在 System.Runtime.ExceptionServices.ExceptionDispatchInfo.Throw()
   在 System.Runtime.CompilerServices.TaskAwaiter.HandleNonSuccessAndDebuggerNotification(Task task)
   在 ESOTradeDesktop.TTCClient.<GetGuildIDAsync>d__5.MoveNext()
--- 引发异常的上一位置中堆栈跟踪的末尾 ---
   在 System.Runtime.ExceptionServices.ExceptionDispatchInfo.Throw()
   在 ESOTradeDesktop.TTCCmd.<ParseAndUploadAsync>d__46.MoveNext()
